<?xml version="1.0" encoding="UTF-8"?>
<testsuite name="JUnit Jupiter" tests="79" skipped="0" failures="0" errors="0" time="69.813" hostname="MacBook-Pro-de-admin.local" timestamp="2021-05-17T15:33:05">
<properties>
<property name="PID" value="8201"/>
<property name="awt.toolkit" value="sun.lwawt.macosx.LWCToolkit"/>
<property name="catalina.base" value="/private/var/folders/rn/g6y5fsgj25b_0tvbgp3wpcb80000gp/T/tomcat.3806125930269632860.0"/>
<property name="catalina.home" value="/private/var/folders/rn/g6y5fsgj25b_0tvbgp3wpcb80000gp/T/tomcat.3806125930269632860.0"/>
<property name="catalina.useNaming" value="false"/>
<property name="file.encoding" value="UTF-8"/>
<property name="file.encoding.pkg" value="sun.io"/>
<property name="file.separator" value="/"/>
<property name="ftp.nonProxyHosts" value="local|*.local|169.254/16|*.169.254/16"/>
<property name="gopherProxySet" value="false"/>
<property name="http.nonProxyHosts" value="local|*.local|169.254/16|*.169.254/16"/>
<property name="java.awt.graphicsenv" value="sun.awt.CGraphicsEnvironment"/>
<property name="java.awt.headless" value="true"/>
<property name="java.awt.printerjob" value="sun.lwawt.macosx.CPrinterJob"/>
<property name="java.class.path" value="/Users/adrian/IdeaProjects/cqrsCodely/ecommerce-cart/build/classes/test:/Users/adrian/IdeaProjects/cqrsCodely/ecommerce-cart/build/resources/test:/Users/adrian/IdeaProjects/cqrsCodely/ecommerce-cart/build/classes/main:/Users/adrian/IdeaProjects/cqrsCodely/ecommerce-cart/build/resources/main:/Users/adrian/.gradle/caches/modules-2/files-2.1/com.fasterxml.jackson.core/jackson-databind/2.9.2/1d8d8cb7cf26920ba57fb61fa56da88cc123b21f/jackson-databind-2.9.2.jar:/Users/adrian/.gradle/caches/modules-2/files-2.1/com.fasterxml.jackson.core/jackson-annotations/2.9.2/bb0f1a93c122723906420b7a77b6c4b669da0fc2/jackson-annotations-2.9.2.jar:/Users/adrian/.gradle/caches/modules-2/files-2.1/com.fasterxml.jackson.datatype/jackson-datatype-jsr310/2.9.2/e1653d338703d8233cc1ac18c6722510bdaceb4f/jackson-datatype-jsr310-2.9.2.jar:/Users/adrian/.gradle/caches/modules-2/files-2.1/com.fasterxml.jackson.module/jackson-module-kotlin/2.9.2/a9cf72ae68a641ade45c400b6cec2d363818f11b/jackson-module-kotlin-2.9.2.jar:/Users/adrian/.gradle/caches/modules-2/files-2.1/com.github.kotato/KAxon-CQRS/0.0.10/1719e04e5df273f46f5e0dff59204e0f69f3d03c/KAxon-CQRS-0.0.10.jar:/Users/adrian/.gradle/caches/modules-2/files-2.1/com.github.kotato/assertSimilar/0.0.1/488edf9daaf9ffbabd45f4670592b54aab5c87ac/assertSimilar-0.0.1.jar:/Users/adrian/.gradle/caches/modules-2/files-2.1/javax.inject/javax.inject/1/6975da39a7040257bd51d21a231b76c915872d38/javax.inject-1.jar:/Users/adrian/.gradle/caches/modules-2/files-2.1/mysql/mysql-connector-java/8.0.11/2c3d25fe1dfdd6496e0bbe47d67809f67487cfba/mysql-connector-java-8.0.11.jar:/Users/adrian/.gradle/caches/modules-2/files-2.1/org.axonframework/axon-spring-boot-starter/3.1/a604eac36a028feca2cf4885414e5ef588621dc2/axon-spring-boot-starter-3.1.jar:/Users/adrian/.gradle/caches/modules-2/files-2.1/org.hibernate/hibernate-c3p0/5.2.10.Final/e98696f92ea8df4147a95fae9bab9093db294da/hibernate-c3p0-5.2.10.Final.jar:/Users/adrian/.gradle/caches/modules-2/files-2.1/org.hibernate/hibernate-java8/5.0.11.Final/d9ebca43493e75d1a69af511adad861bcf62e9cc/hibernate-java8-5.0.11.Final.jar:/Users/adrian/.gradle/caches/modules-2/files-2.1/org.jetbrains.kotlin/kotlin-reflect/1.2.21/3159ff5936aa570a90050d385cb717fbb6c1723a/kotlin-reflect-1.2.21.jar:/Users/adrian/.gradle/caches/modules-2/files-2.1/org.jetbrains.kotlin/kotlin-stdlib-jre8/1.2.21/26829ebce8f3fb39659773db4016befadda55df1/kotlin-stdlib-jre8-1.2.21.jar:/Users/adrian/.gradle/caches/modules-2/files-2.1/org.springframework.boot/spring-boot-starter/1.5.8.RELEASE/18048efe1f06569022a53cc3fb2fe9c0162935a3/spring-boot-starter-1.5.8.RELEASE.jar:/Users/adrian/.gradle/caches/modules-2/files-2.1/org.springframework.boot/spring-boot-starter-data-jpa/1.5.8.RELEASE/55bb5e8aea5707f79ee9888ad75261a7b7df4654/spring-boot-starter-data-jpa-1.5.8.RELEASE.jar:/Users/adrian/.gradle/caches/modules-2/files-2.1/org.springframework.boot/spring-boot-starter-web/1.5.8.RELEASE/7e0dc79e3b47be4539ad3c033639133ae6b7a17e/spring-boot-starter-web-1.5.8.RELEASE.jar:/Users/adrian/.gradle/caches/modules-2/files-2.1/com.github.javafaker/javafaker/0.12/c27ae49da2b06e6743deedd8df830b6c6b2114e1/javafaker-0.12.jar:/Users/adrian/.gradle/caches/modules-2/files-2.1/com.github.sbrannen/spring-test-junit5/1.0.0/ec1323fd693b4d23f4b9f8c1e0623622cd286bf8/spring-test-junit5-1.0.0.jar:/Users/adrian/.gradle/caches/modules-2/files-2.1/com.nhaarman/mockito-kotlin-kt1.1/1.5.0/3cb5419929540bcb25bdcc5e9ff7c8a1cb5831c/mockito-kotlin-kt1.1-1.5.0.jar:/Users/adrian/.gradle/caches/modules-2/files-2.1/io.rest-assured/json-schema-validator/3.0.3/6a7003694813e334193b5a60fbfbdd956fbfb8c4/json-schema-validator-3.0.3.jar:/Users/adrian/.gradle/caches/modules-2/files-2.1/io.rest-assured/rest-assured/3.0.3/2b3e4aa7b6560267829e7fb1bf03da0796301e86/rest-assured-3.0.3.jar:/Users/adrian/.gradle/caches/modules-2/files-2.1/org.axonframework/axon-test/3.1/7df1a18dfc39ef7273bde23e5b783ea20f2abf40/axon-test-3.1.jar:/Users/adrian/.gradle/caches/modules-2/files-2.1/org.hamcrest/hamcrest-core/1.3/42a25dc3219429f0e5d060061f71acb49bf010a0/hamcrest-core-1.3.jar:/Users/adrian/.gradle/caches/modules-2/files-2.1/org.jetbrains.kotlin/kotlin-test-junit/1.2.21/413c5974f7b833a8915bc0708cb81d9b3a3dfc8a/kotlin-test-junit-1.2.21.jar:/Users/adrian/.gradle/caches/modules-2/files-2.1/org.junit.jupiter/junit-jupiter-api/5.0.1/30fbf4448c594cb45d8e91630d6bb7f465906b88/junit-jupiter-api-5.0.1.jar:/Users/adrian/.gradle/caches/modules-2/files-2.1/org.junit.jupiter/junit-jupiter-engine/5.0.1/e22d2bf87f43fb03fee14dea447b2a14f41b095f/junit-jupiter-engine-5.0.1.jar:/Users/adrian/.gradle/caches/modules-2/files-2.1/org.junit.platform/junit-platform-launcher/1.0.1/5562631a34e4eefefdad04cdd49a50774d6ac777/junit-platform-launcher-1.0.1.jar:/Users/adrian/.gradle/caches/modules-2/files-2.1/org.springframework.boot/spring-boot-starter-test/1.5.8.RELEASE/20b767f594924b32950286f1236ab7d68ff861f9/spring-boot-starter-test-1.5.8.RELEASE.jar:/Users/adrian/.gradle/caches/modules-2/files-2.1/com.fasterxml.jackson.core/jackson-core/2.8.10/eb21a035c66ad307e66ec8fce37f5d50fd62d039/jackson-core-2.8.10.jar:/Users/adrian/.gradle/caches/modules-2/files-2.1/org.assertj/assertj-core/2.6.0/b532c3fc4f66bcfee4989a3514f1cd56203a33ad/assertj-core-2.6.0.jar:/Users/adrian/.gradle/caches/modules-2/files-2.1/org.unitils/unitils-core/3.4.2/58c0b1a5955ad91bfa15ebf61f3958e8d27d333d/unitils-core-3.4.2.jar:/Users/adrian/.gradle/caches/modules-2/files-2.1/com.google.protobuf/protobuf-java/2.6.0/88ba32feefe385d5dc284b71f649201eabd15778/protobuf-java-2.6.0.jar:/Users/adrian/.gradle/caches/modules-2/files-2.1/org.axonframework/axon-spring-boot-autoconfigure/3.1/684c136e370e063155862aca4c69df8ccbdc241c/axon-spring-boot-autoconfigure-3.1.jar:/Users/adrian/.gradle/caches/modules-2/files-2.1/org.jboss.logging/jboss-logging/3.3.1.Final/c46217ab74b532568c0ed31dc599db3048bd1b67/jboss-logging-3.3.1.Final.jar:/Users/adrian/.gradle/caches/modules-2/files-2.1/org.hibernate/hibernate-core/5.0.12.Final/e58bf1c660e6706d8e2cbb53bae110f574366102/hibernate-core-5.0.12.Final.jar:/Users/adrian/.gradle/caches/modules-2/files-2.1/com.mchange/c3p0/0.9.5.2/5f86cb6130bc6e8475615ed82d5b5e6fb226a86a/c3p0-0.9.5.2.jar:/Users/adrian/.gradle/caches/modules-2/files-2.1/org.jetbrains.kotlin/kotlin-stdlib/1.2.21/d64187eb2d9d1521be3421aa8c6774a8625cdde8/kotlin-stdlib-1.2.21.jar:/Users/adrian/.gradle/caches/modules-2/files-2.1/org.jetbrains.kotlin/kotlin-stdlib-jre7/1.2.21/3beb08c67673033183c8652572680587876e64b5/kotlin-stdlib-jre7-1.2.21.jar:/Users/adrian/.gradle/caches/modules-2/files-2.1/org.springframework.boot/spring-boot/1.5.8.RELEASE/748ebde51761e12627ad23d064024f342b18f9b4/spring-boot-1.5.8.RELEASE.jar:/Users/adrian/.gradle/caches/modules-2/files-2.1/org.springframework.boot/spring-boot-autoconfigure/1.5.8.RELEASE/e4f2efa4c319f4e3613d94fbccfdb5ccda6873e3/spring-boot-autoconfigure-1.5.8.RELEASE.jar:/Users/adrian/.gradle/caches/modules-2/files-2.1/org.springframework.boot/spring-boot-starter-logging/1.5.8.RELEASE/ebc00a0e46753d90431fdcc5e3d6b9fd3bf1564a/spring-boot-starter-logging-1.5.8.RELEASE.jar:/Users/adrian/.gradle/caches/modules-2/files-2.1/org.springframework/spring-core/4.3.12.RELEASE/4cebc69478c6d350dbd5af28e3db7d5694f416e3/spring-core-4.3.12.RELEASE.jar:/Users/adrian/.gradle/caches/modules-2/files-2.1/org.yaml/snakeyaml/1.17/7a27ea250c5130b2922b86dea63cbb1cc10a660c/snakeyaml-1.17.jar:/Users/adrian/.gradle/caches/modules-2/files-2.1/org.springframework.boot/spring-boot-starter-aop/1.5.8.RELEASE/9bc9a40e0718726ed48f6becc509b2d186f1ebcc/spring-boot-starter-aop-1.5.8.RELEASE.jar:/Users/adrian/.gradle/caches/modules-2/files-2.1/org.springframework.boot/spring-boot-starter-jdbc/1.5.8.RELEASE/fc98631eba9817c920b9ac1c5845214f49637a33/spring-boot-starter-jdbc-1.5.8.RELEASE.jar:/Users/adrian/.gradle/caches/modules-2/files-2.1/org.hibernate/hibernate-entitymanager/5.0.12.Final/302a526f5058290e9cbd719a5caf9f248d344719/hibernate-entitymanager-5.0.12.Final.jar:/Users/adrian/.gradle/caches/modules-2/files-2.1/javax.transaction/javax.transaction-api/1.2/d81aff979d603edd90dcd8db2abc1f4ce6479e3e/javax.transaction-api-1.2.jar:/Users/adrian/.gradle/caches/modules-2/files-2.1/org.springframework.data/spring-data-jpa/1.11.8.RELEASE/d674b8407de3d2998c106557fd6a6665de2bc217/spring-data-jpa-1.11.8.RELEASE.jar:/Users/adrian/.gradle/caches/modules-2/files-2.1/org.springframework/spring-aspects/4.3.12.RELEASE/b0002bfdd0d58f09fc178afc5f2d0553ff117840/spring-aspects-4.3.12.RELEASE.jar:/Users/adrian/.gradle/caches/modules-2/files-2.1/org.springframework.boot/spring-boot-starter-tomcat/1.5.8.RELEASE/cf3b7eb7e192a60ab1dd09e4f8bce82710a5feb0/spring-boot-starter-tomcat-1.5.8.RELEASE.jar:/Users/adrian/.gradle/caches/modules-2/files-2.1/org.hibernate/hibernate-validator/5.3.5.Final/622a9bcef2eed6d41b5b8e0662c36212009e375/hibernate-validator-5.3.5.Final.jar:/Users/adrian/.gradle/caches/modules-2/files-2.1/org.springframework/spring-web/4.3.12.RELEASE/86c29588cca74d0fc848b194cb13fcdfd12bc990/spring-web-4.3.12.RELEASE.jar:/Users/adrian/.gradle/caches/modules-2/files-2.1/org.springframework/spring-webmvc/4.3.12.RELEASE/986e5dcd4435e780f6be64f8185eaa51523cf851/spring-webmvc-4.3.12.RELEASE.jar:/Users/adrian/.gradle/caches/modules-2/files-2.1/org.apache.commons/commons-lang3/3.5/6c6c702c89bfff3cd9e80b04d668c5e190d588c6/commons-lang3-3.5.jar:/Users/adrian/.gradle/caches/modules-2/files-2.1/com.github.mifmif/generex/1.0.2/b378f873b4e8d7616c3d920e2132cb1c87679600/generex-1.0.2.jar:/Users/adrian/.gradle/caches/modules-2/files-2.1/org.springframework/spring-context/4.3.12.RELEASE/5e6d26f36636f36b7efec1d6a0c5991284fbd95b/spring-context-4.3.12.RELEASE.jar:/Users/adrian/.gradle/caches/modules-2/files-2.1/org.springframework/spring-test/4.3.12.RELEASE/825a7ac1014528db722a6cc94cceaef2410cb314/spring-test-4.3.12.RELEASE.jar:/Users/adrian/.gradle/caches/modules-2/files-2.1/com.nhaarman/mockito-kotlin/1.5.0/25faa884f76375f76cdbd6651c4cebcde36d4117/mockito-kotlin-1.5.0.jar:/Users/adrian/.gradle/caches/modules-2/files-2.1/com.github.fge/json-schema-validator/2.2.6/d6cc3cb8a6a8311f51f2ff21c7bede63d71e9129/json-schema-validator-2.2.6.jar:/Users/adrian/.gradle/caches/modules-2/files-2.1/org.codehaus.groovy/groovy/2.4.12/a43be367110c491787219f1c128b5b5fc54f1e70/groovy-2.4.12.jar:/Users/adrian/.gradle/caches/modules-2/files-2.1/org.codehaus.groovy/groovy-xml/2.4.12/b5c023bbbc8a4bbf9c0b38d731fe31d53f00c64a/groovy-xml-2.4.12.jar:/Users/adrian/.gradle/caches/modules-2/files-2.1/org.apache.httpcomponents/httpclient/4.5.3/d1577ae15f01ef5438c5afc62162457c00a34713/httpclient-4.5.3.jar:/Users/adrian/.gradle/caches/modules-2/files-2.1/org.apache.httpcomponents/httpmime/4.5.3/889fd6d061bb63b99dd5c6aba35a555ae863de52/httpmime-4.5.3.jar:/Users/adrian/.gradle/caches/modules-2/files-2.1/org.hamcrest/hamcrest-library/1.3/4785a3c21320980282f9f33d0d1264a69040538f/hamcrest-library-1.3.jar:/Users/adrian/.gradle/caches/modules-2/files-2.1/org.ccil.cowan.tagsoup/tagsoup/1.2.1/5584627487e984c03456266d3f8802eb85a9ce97/tagsoup-1.2.1.jar:/Users/adrian/.gradle/caches/modules-2/files-2.1/io.rest-assured/json-path/3.0.3/818d24e589af3372d935510e63812b7a223e3669/json-path-3.0.3.jar:/Users/adrian/.gradle/caches/modules-2/files-2.1/io.rest-assured/xml-path/3.0.3/f5f3203a37b313be91547c968fb523dbce61415c/xml-path-3.0.3.jar:/Users/adrian/.gradle/caches/modules-2/files-2.1/org.axonframework/axon-core/3.1/116f00f4c18118c564136f6bc6f6c7334cd176f6/axon-core-3.1.jar:/Users/adrian/.gradle/caches/modules-2/files-2.1/org.jetbrains.kotlin/kotlin-test/1.2.21/ef7fb68f47996674ceca66f515b4cfa40981d241/kotlin-test-1.2.21.jar:/Users/adrian/.gradle/caches/modules-2/files-2.1/junit/junit/4.12/2973d150c0dc1fefe998f834810d68f278ea58ec/junit-4.12.jar:/Users/adrian/.gradle/caches/modules-2/files-2.1/org.opentest4j/opentest4j/1.0.0/6f09c598e9ff64bf0ce2fa7e7de49a99ba83c0b4/opentest4j-1.0.0.jar:/Users/adrian/.gradle/caches/modules-2/files-2.1/org.junit.platform/junit-platform-commons/1.0.1/3632e4a74a43d3ae8d29e6fa172cbc29590bda03/junit-platform-commons-1.0.1.jar:/Users/adrian/.gradle/caches/modules-2/files-2.1/org.junit.platform/junit-platform-engine/1.0.1/4ce0a37866312c18ea3f45818f2faec077e46e0/junit-platform-engine-1.0.1.jar:/Users/adrian/.gradle/caches/modules-2/files-2.1/org.springframework.boot/spring-boot-test/1.5.8.RELEASE/17dedee86d1a9e9bd409d715fd90650ca1049659/spring-boot-test-1.5.8.RELEASE.jar:/Users/adrian/.gradle/caches/modules-2/files-2.1/org.springframework.boot/spring-boot-test-autoconfigure/1.5.8.RELEASE/a8f986cc4b6ecef1417fe50c20984f12f54d15cc/spring-boot-test-autoconfigure-1.5.8.RELEASE.jar:/Users/adrian/.gradle/caches/modules-2/files-2.1/com.jayway.jsonpath/json-path/2.2.0/22290d17944bd239fabf5ac69005a60a7ecbbbcb/json-path-2.2.0.jar:/Users/adrian/.gradle/caches/modules-2/files-2.1/org.mockito/mockito-core/1.10.19/e8546f5bef4e061d8dd73895b4e8f40e3fe6effe/mockito-core-1.10.19.jar:/Users/adrian/.gradle/caches/modules-2/files-2.1/org.skyscreamer/jsonassert/1.4.0/9cdbb373a06f6513e51e8c545ee6a5e981463edb/jsonassert-1.4.0.jar:/Users/adrian/.gradle/caches/modules-2/files-2.1/commons-lang/commons-lang/2.3/eecdac8c86bc84b4bdfc24371ba8c785a1fc552/commons-lang-2.3.jar:/Users/adrian/.gradle/caches/modules-2/files-2.1/commons-collections/commons-collections/3.2.2/8ad72fe39fa8c91eaaf12aadb21e0c3661fe26d5/commons-collections-3.2.2.jar:/Users/adrian/.gradle/caches/modules-2/files-2.1/ognl/ognl/2.6.9/fad9692184899994e977b647998f9fa4a9cfec35/ognl-2.6.9.jar:/Users/adrian/.gradle/caches/modules-2/files-2.1/org.axonframework/axon-spring/3.1/74f3a748bc590bfcb3d07649e023a62d7eca5046/axon-spring-3.1.jar:/Users/adrian/.gradle/caches/modules-2/files-2.1/org.hibernate.javax.persistence/hibernate-jpa-2.1-api/1.0.0.Final/5e731d961297e5a07290bfaf3db1fbc8bbbf405a/hibernate-jpa-2.1-api-1.0.0.Final.jar:/Users/adrian/.gradle/caches/modules-2/files-2.1/org.javassist/javassist/3.21.0-GA/598244f595db5c5fb713731eddbb1c91a58d959b/javassist-3.21.0-GA.jar:/Users/adrian/.gradle/caches/modules-2/files-2.1/antlr/antlr/2.7.7/83cd2cd674a217ade95a4bb83a8a14f351f48bd0/antlr-2.7.7.jar:/Users/adrian/.gradle/caches/modules-2/files-2.1/org.apache.geronimo.specs/geronimo-jta_1.1_spec/1.1.1/aabab3165b8ea936b9360abbf448459c0d04a5a4/geronimo-jta_1.1_spec-1.1.1.jar:/Users/adrian/.gradle/caches/modules-2/files-2.1/org.jboss/jandex/2.0.0.Final/3e899258936f94649c777193e1be846387ed54b3/jandex-2.0.0.Final.jar:/Users/adrian/.gradle/caches/modules-2/files-2.1/dom4j/dom4j/1.6.1/5d3ccc056b6f056dbf0dddfdf43894b9065a8f94/dom4j-1.6.1.jar:/Users/adrian/.gradle/caches/modules-2/files-2.1/org.hibernate.common/hibernate-commons-annotations/5.0.1.Final/71e1cff3fcb20d3b3af4f3363c3ddb24d33c6879/hibernate-commons-annotations-5.0.1.Final.jar:/Users/adrian/.gradle/caches/modules-2/files-2.1/com.mchange/mchange-commons-java/0.2.11/2a6a6c1fe25f28f5a073171956ce6250813467ef/mchange-commons-java-0.2.11.jar:/Users/adrian/.gradle/caches/modules-2/files-2.1/ch.qos.logback/logback-classic/1.1.11/ccedfbacef4a6515d2983e3f89ed753d5d4fb665/logback-classic-1.1.11.jar:/Users/adrian/.gradle/caches/modules-2/files-2.1/org.slf4j/jcl-over-slf4j/1.7.25/f8c32b13ff142a513eeb5b6330b1588dcb2c0461/jcl-over-slf4j-1.7.25.jar:/Users/adrian/.gradle/caches/modules-2/files-2.1/org.slf4j/jul-to-slf4j/1.7.25/af5364cd6679bfffb114f0dec8a157aaa283b76/jul-to-slf4j-1.7.25.jar:/Users/adrian/.gradle/caches/modules-2/files-2.1/org.slf4j/log4j-over-slf4j/1.7.25/a87bb47468f47ee7aabbd54f93e133d4215769c3/log4j-over-slf4j-1.7.25.jar:/Users/adrian/.gradle/caches/modules-2/files-2.1/org.springframework/spring-aop/4.3.12.RELEASE/b3fef085902993c2ef874c45c7bfd79296d5a5a4/spring-aop-4.3.12.RELEASE.jar:/Users/adrian/.gradle/caches/modules-2/files-2.1/org.aspectj/aspectjweaver/1.8.11/9807e0e13c8a295f15882721db50fa3d142c44a9/aspectjweaver-1.8.11.jar:/Users/adrian/.gradle/caches/modules-2/files-2.1/org.apache.tomcat/tomcat-jdbc/8.5.23/6036400a8f2d90dd3ae3a4d09e5136c56002887b/tomcat-jdbc-8.5.23.jar:/Users/adrian/.gradle/caches/modules-2/files-2.1/org.springframework/spring-jdbc/4.3.12.RELEASE/5c840abbdc1a1dfd0f79c4a4c25eac0c98e6af22/spring-jdbc-4.3.12.RELEASE.jar:/Users/adrian/.gradle/caches/modules-2/files-2.1/org.springframework.data/spring-data-commons/1.13.8.RELEASE/2853e3c38e02d42529f6c8b247d7bace40c25642/spring-data-commons-1.13.8.RELEASE.jar:/Users/adrian/.gradle/caches/modules-2/files-2.1/org.springframework/spring-orm/4.3.12.RELEASE/47bbe35a92944aeedf06a388098581272f8db9bd/spring-orm-4.3.12.RELEASE.jar:/Users/adrian/.gradle/caches/modules-2/files-2.1/org.springframework/spring-tx/4.3.12.RELEASE/7147b6839b2bf9db3621b79c73b4dddbe69572b6/spring-tx-4.3.12.RELEASE.jar:/Users/adrian/.gradle/caches/modules-2/files-2.1/org.springframework/spring-beans/4.3.12.RELEASE/547dd432d47d0f01d9ccbedc4b705f9f7c1240a/spring-beans-4.3.12.RELEASE.jar:/Users/adrian/.gradle/caches/modules-2/files-2.1/org.slf4j/slf4j-api/1.7.25/da76ca59f6a57ee3102f8f9bd9cee742973efa8a/slf4j-api-1.7.25.jar:/Users/adrian/.gradle/caches/modules-2/files-2.1/org.apache.tomcat.embed/tomcat-embed-core/8.5.23/79261793a47f507890ee08f749b9d81774e4f7f0/tomcat-embed-core-8.5.23.jar:/Users/adrian/.gradle/caches/modules-2/files-2.1/org.apache.tomcat.embed/tomcat-embed-el/8.5.23/98d979cde444dffa6d434c8377d0123b2dfa614c/tomcat-embed-el-8.5.23.jar:/Users/adrian/.gradle/caches/modules-2/files-2.1/org.apache.tomcat.embed/tomcat-embed-websocket/8.5.23/52f07abcae10dc7e1764304b0877def175c2c833/tomcat-embed-websocket-8.5.23.jar:/Users/adrian/.gradle/caches/modules-2/files-2.1/javax.validation/validation-api/1.1.0.Final/8613ae82954779d518631e05daa73a6a954817d5/validation-api-1.1.0.Final.jar:/Users/adrian/.gradle/caches/modules-2/files-2.1/com.fasterxml/classmate/1.3.4/3d5f48f10bbe4eb7bd862f10c0583be2e0053c6/classmate-1.3.4.jar:/Users/adrian/.gradle/caches/modules-2/files-2.1/org.springframework/spring-expression/4.3.12.RELEASE/790f69f6ad7f9da8d4a92c603ad7244c398c8309/spring-expression-4.3.12.RELEASE.jar:/Users/adrian/.gradle/caches/modules-2/files-2.1/dk.brics.automaton/automaton/1.11-8/6ebfa65eb431ff4b715a23be7a750cbc4cc96d0f/automaton-1.11-8.jar:/Users/adrian/.gradle/caches/modules-2/files-2.1/com.google.code.findbugs/jsr305/3.0.0/5871fb60dc68d67da54a663c3fd636a10a532948/jsr305-3.0.0.jar:/Users/adrian/.gradle/caches/modules-2/files-2.1/joda-time/joda-time/2.9.9/f7b520c458572890807d143670c9b24f4de90897/joda-time-2.9.9.jar:/Users/adrian/.gradle/caches/modules-2/files-2.1/com.googlecode.libphonenumber/libphonenumber/6.2/3ddc8255a39cc0505a6a34c56c9ec256833d2239/libphonenumber-6.2.jar:/Users/adrian/.gradle/caches/modules-2/files-2.1/com.github.fge/json-schema-core/1.2.5/7e19e29936a37a41f05999467c8b4a6f6308f238/json-schema-core-1.2.5.jar:/Users/adrian/.gradle/caches/modules-2/files-2.1/javax.mail/mailapi/1.4.3/124600e35d9031da50e5f67661ffa741541f8f6a/mailapi-1.4.3.jar:/Users/adrian/.gradle/caches/modules-2/files-2.1/net.sf.jopt-simple/jopt-simple/4.6/306816fb57cf94f108a43c95731b08934dcae15c/jopt-simple-4.6.jar:/Users/adrian/.gradle/caches/modules-2/files-2.1/org.apache.httpcomponents/httpcore/4.4.8/70539e2a07865bab38b4153da1ce599cf081790a/httpcore-4.4.8.jar:/Users/adrian/.gradle/caches/modules-2/files-2.1/commons-codec/commons-codec/1.10/4b95f4897fa13f2cd904aee711aeafc0c5295cd8/commons-codec-1.10.jar:/Users/adrian/.gradle/caches/modules-2/files-2.1/org.codehaus.groovy/groovy-json/2.4.12/810b46f2b359b904c4c7428ad4c03c09094a01ff/groovy-json-2.4.12.jar:/Users/adrian/.gradle/caches/modules-2/files-2.1/io.rest-assured/rest-assured-common/3.0.3/9ec1b76d6e43312ab5402e428d02cb5fe20f1e6b/rest-assured-common-3.0.3.jar:/Users/adrian/.gradle/caches/modules-2/files-2.1/com.thoughtworks.xstream/xstream/1.4.9/c43f6e6bfa79b56e04a8898a923c3cf7144dd460/xstream-1.4.9.jar:/Users/adrian/.gradle/caches/modules-2/files-2.1/xpp3/xpp3/1.1.4c/9b988ea84b9e4e9f1874e390ce099b8ac12cfff5/xpp3-1.1.4c.jar:/Users/adrian/.gradle/caches/modules-2/files-2.1/net.minidev/json-smart/2.2.1/5b9e5df7a62d1279b70dc882b041d249c4f0b002/json-smart-2.2.1.jar:/Users/adrian/.gradle/caches/modules-2/files-2.1/org.objenesis/objenesis/2.1/87c0ea803b69252868d09308b4618f766f135a96/objenesis-2.1.jar:/Users/adrian/.gradle/caches/modules-2/files-2.1/com.vaadin.external.google/android-json/0.0.20131108.vaadin1/fa26d351fe62a6a17f5cda1287c1c6110dec413f/android-json-0.0.20131108.vaadin1.jar:/Users/adrian/.gradle/caches/modules-2/files-2.1/ch.qos.logback/logback-core/1.1.11/88b8df40340eed549fb07e2613879bf6b006704d/logback-core-1.1.11.jar:/Users/adrian/.gradle/caches/modules-2/files-2.1/org.apache.tomcat/tomcat-juli/8.5.23/98e7f0610b7b2fb8303f11be0210e3f5a56a7d55/tomcat-juli-8.5.23.jar:/Users/adrian/.gradle/caches/modules-2/files-2.1/org.apache.tomcat/tomcat-annotations-api/8.5.23/aaf17df9fe0240e9e9d5375d24d5f177174b73d9/tomcat-annotations-api-8.5.23.jar:/Users/adrian/.gradle/caches/modules-2/files-2.1/com.github.fge/uri-template/0.9/ab1ad5804d3c7d640f21059085df5be340e97929/uri-template-0.9.jar:/Users/adrian/.gradle/caches/modules-2/files-2.1/com.github.fge/jackson-coreutils/1.8/491a6e1130a180c153df9f2b7aabd7a700282c67/jackson-coreutils-1.8.jar:/Users/adrian/.gradle/caches/modules-2/files-2.1/org.mozilla/rhino/1.7R4/e982f2136574b9a423186fbaeaaa98dc3e5a5288/rhino-1.7R4.jar:/Users/adrian/.gradle/caches/modules-2/files-2.1/javax.activation/activation/1.1/e6cb541461c2834bdea3eb920f1884d1eb508b50/activation-1.1.jar:/Users/adrian/.gradle/caches/modules-2/files-2.1/net.minidev/accessors-smart/1.1/a527213f2fea112a04c9bdf0ec0264e34104cd08/accessors-smart-1.1.jar:/Users/adrian/.gradle/caches/modules-2/files-2.1/com.github.fge/msg-simple/1.1/f261263e13dd4cfa93cc6b83f1f58f619097a2c4/msg-simple-1.1.jar:/Users/adrian/.gradle/caches/modules-2/files-2.1/com.google.guava/guava/16.0.1/5fa98cd1a63c99a44dd8d3b77e4762b066a5d0c5/guava-16.0.1.jar:/Users/adrian/.gradle/caches/modules-2/files-2.1/org.ow2.asm/asm/5.0.3/dcc2193db20e19e1feca8b1240dbbc4e190824fa/asm-5.0.3.jar:/Users/adrian/.gradle/caches/modules-2/files-2.1/com.github.fge/btf/1.2/9e66651022eb86301b348d57e6f59459effc343b/btf-1.2.jar:/Users/adrian/.gradle/caches/modules-2/files-2.1/org.jetbrains/annotations/13.0/919f0dfe192fb4e063e7dacadee7f8bb9a2672a9/annotations-13.0.jar:/Users/adrian/.gradle/caches/modules-2/files-2.1/commons-logging/commons-logging/1.2/4bfc12adfe4842bf07b657f0369c4cb522955686/commons-logging-1.2.jar:/Users/adrian/.gradle/caches/modules-2/files-2.1/org.junit.platform/junit-platform-console/1.0.1/3892e08f30d92a88addc73f3a5f9575be864cec/junit-platform-console-1.0.1.jar"/>
<property name="java.class.version" value="52.0"/>
<property name="java.endorsed.dirs" value="/Users/adrian/Library/Java/JavaVirtualMachines/corretto-1.8.0_292/Contents/Home/jre/lib/endorsed"/>
<property name="java.ext.dirs" value="/Users/adrian/Library/Java/Extensions:/Users/adrian/Library/Java/JavaVirtualMachines/corretto-1.8.0_292/Contents/Home/jre/lib/ext:/Library/Java/Extensions:/Network/Library/Java/Extensions:/System/Library/Java/Extensions:/usr/lib/java"/>
<property name="java.home" value="/Users/adrian/Library/Java/JavaVirtualMachines/corretto-1.8.0_292/Contents/Home/jre"/>
<property name="java.io.tmpdir" value="/var/folders/rn/g6y5fsgj25b_0tvbgp3wpcb80000gp/T/"/>
<property name="java.library.path" value="/Users/adrian/Library/Java/Extensions:/Library/Java/Extensions:/Network/Library/Java/Extensions:/System/Library/Java/Extensions:/usr/lib/java:."/>
<property name="java.runtime.name" value="OpenJDK Runtime Environment"/>
<property name="java.runtime.version" value="1.8.0_292-b10"/>
<property name="java.specification.name" value="Java Platform API Specification"/>
<property name="java.specification.vendor" value="Oracle Corporation"/>
<property name="java.specification.version" value="1.8"/>
<property name="java.vendor" value="Amazon.com Inc."/>
<property name="java.vendor.url" value="https://aws.amazon.com/corretto/"/>
<property name="java.vendor.url.bug" value="https://github.com/corretto/corretto-8/issues/"/>
<property name="java.version" value="1.8.0_292"/>
<property name="java.vm.info" value="mixed mode"/>
<property name="java.vm.name" value="OpenJDK 64-Bit Server VM"/>
<property name="java.vm.specification.name" value="Java Virtual Machine Specification"/>
<property name="java.vm.specification.vendor" value="Oracle Corporation"/>
<property name="java.vm.specification.version" value="1.8"/>
<property name="java.vm.vendor" value="Amazon.com Inc."/>
<property name="java.vm.version" value="25.292-b10"/>
<property name="line.separator" value="
"/>
<property name="org.jboss.logging.provider" value="slf4j"/>
<property name="os.arch" value="x86_64"/>
<property name="os.name" value="Mac OS X"/>
<property name="os.version" value="10.16"/>
<property name="path.separator" value=":"/>
<property name="socksNonProxyHosts" value="local|*.local|169.254/16|*.169.254/16"/>
<property name="spring.beaninfo.ignore" value="true"/>
<property name="sun.arch.data.model" value="64"/>
<property name="sun.boot.class.path" value="/Users/adrian/Library/Java/JavaVirtualMachines/corretto-1.8.0_292/Contents/Home/jre/lib/resources.jar:/Users/adrian/Library/Java/JavaVirtualMachines/corretto-1.8.0_292/Contents/Home/jre/lib/rt.jar:/Users/adrian/Library/Java/JavaVirtualMachines/corretto-1.8.0_292/Contents/Home/jre/lib/sunrsasign.jar:/Users/adrian/Library/Java/JavaVirtualMachines/corretto-1.8.0_292/Contents/Home/jre/lib/jsse.jar:/Users/adrian/Library/Java/JavaVirtualMachines/corretto-1.8.0_292/Contents/Home/jre/lib/jce.jar:/Users/adrian/Library/Java/JavaVirtualMachines/corretto-1.8.0_292/Contents/Home/jre/lib/charsets.jar:/Users/adrian/Library/Java/JavaVirtualMachines/corretto-1.8.0_292/Contents/Home/jre/lib/jfr.jar:/Users/adrian/Library/Java/JavaVirtualMachines/corretto-1.8.0_292/Contents/Home/jre/classes"/>
<property name="sun.boot.library.path" value="/Users/adrian/Library/Java/JavaVirtualMachines/corretto-1.8.0_292/Contents/Home/jre/lib"/>
<property name="sun.cpu.endian" value="little"/>
<property name="sun.cpu.isalist" value=""/>
<property name="sun.io.unicode.encoding" value="UnicodeBig"/>
<property name="sun.java.command" value="org.junit.platform.console.ConsoleLauncher --details NONE --scan-class-path /Users/adrian/IdeaProjects/cqrsCodely/ecommerce-cart/build/classes/main:/Users/adrian/IdeaProjects/cqrsCodely/ecommerce-cart/build/resources/main:/Users/adrian/IdeaProjects/cqrsCodely/ecommerce-cart/build/classes/test:/Users/adrian/IdeaProjects/cqrsCodely/ecommerce-cart/build/resources/test -n ^.*Tests?$ --reports-dir /Users/adrian/IdeaProjects/cqrsCodely/ecommerce-cart/build/test-results/junit-platform"/>
<property name="sun.java.launcher" value="SUN_STANDARD"/>
<property name="sun.jnu.encoding" value="UTF-8"/>
<property name="sun.management.compiler" value="HotSpot 64-Bit Tiered Compilers"/>
<property name="sun.os.patch.level" value="unknown"/>
<property name="user.country" value="ES"/>
<property name="user.dir" value="/Users/adrian/IdeaProjects/cqrsCodely/ecommerce-cart"/>
<property name="user.home" value="/Users/adrian"/>
<property name="user.language" value="es"/>
<property name="user.name" value="adrian"/>
<property name="user.timezone" value="Europe/Madrid"/>
<property name="user.variant" value=""/>
</properties>
<testcase name="it should fail because command handler does not exist()" classname="com.kotato.context.ecommerce.infrastructure.CqrsCommandBusTest" time="0.108">
<system-out><![CDATA[
unique-id: [engine:junit-jupiter]/[class:com.kotato.context.ecommerce.infrastructure.CqrsCommandBusTest]/[method:it should fail because command handler does not exist()]
display-name: it should fail because command handler does not exist()
]]></system-out>
</testcase>
<testcase name="it should handle a command()" classname="com.kotato.context.ecommerce.infrastructure.CqrsCommandBusTest" time="0.032">
<system-out><![CDATA[
unique-id: [engine:junit-jupiter]/[class:com.kotato.context.ecommerce.infrastructure.CqrsCommandBusTest]/[method:it should handle a command()]
display-name: it should handle a command()
]]></system-out>
</testcase>
<testcase name="it should fail because query handler does not exist()" classname="com.kotato.context.ecommerce.infrastructure.CqrsQueryBusTest" time="0.008">
<system-out><![CDATA[
unique-id: [engine:junit-jupiter]/[class:com.kotato.context.ecommerce.infrastructure.CqrsQueryBusTest]/[method:it should fail because query handler does not exist()]
display-name: it should fail because query handler does not exist()
]]></system-out>
</testcase>
<testcase name="it should handle a query()" classname="com.kotato.context.ecommerce.infrastructure.CqrsQueryBusTest" time="0.023">
<system-out><![CDATA[
unique-id: [engine:junit-jupiter]/[class:com.kotato.context.ecommerce.infrastructure.CqrsQueryBusTest]/[method:it should handle a query()]
display-name: it should handle a query()
]]></system-out>
</testcase>
<testcase name="it should save order view()" classname="com.kotato.context.ecommerce.modules.order.integration.OrderViewRepositoryTest" time="1.075">
<system-out><![CDATA[
unique-id: [engine:junit-jupiter]/[class:com.kotato.context.ecommerce.modules.order.integration.OrderViewRepositoryTest]/[method:it should save order view()]
display-name: it should save order view()
]]></system-out>
</testcase>
<testcase name="it should search order view by paymentId()" classname="com.kotato.context.ecommerce.modules.order.integration.OrderViewRepositoryTest" time="0.244">
<system-out><![CDATA[
unique-id: [engine:junit-jupiter]/[class:com.kotato.context.ecommerce.modules.order.integration.OrderViewRepositoryTest]/[method:it should search order view by paymentId()]
display-name: it should search order view by paymentId()
]]></system-out>
</testcase>
<testcase name="it should search order view by cartId()" classname="com.kotato.context.ecommerce.modules.order.integration.OrderViewRepositoryTest" time="0.276">
<system-out><![CDATA[
unique-id: [engine:junit-jupiter]/[class:com.kotato.context.ecommerce.modules.order.integration.OrderViewRepositoryTest]/[method:it should search order view by cartId()]
display-name: it should search order view by cartId()
]]></system-out>
</testcase>
<testcase name="it should find an order()" classname="com.kotato.context.ecommerce.modules.order.acceptance.FindOrderTest" time="3.719">
<system-out><![CDATA[
unique-id: [engine:junit-jupiter]/[class:com.kotato.context.ecommerce.modules.order.acceptance.FindOrderTest]/[method:it should find an order()]
display-name: it should find an order()
]]></system-out>
</testcase>
<testcase name="it should create an order()" classname="com.kotato.context.ecommerce.modules.order.acceptance.OrderFailedTest" time="0.779">
<system-out><![CDATA[
unique-id: [engine:junit-jupiter]/[class:com.kotato.context.ecommerce.modules.order.acceptance.OrderFailedTest]/[method:it should create an order()]
display-name: it should create an order()
]]></system-out>
</testcase>
<testcase name="it should create an order()" classname="com.kotato.context.ecommerce.modules.order.acceptance.OrderSucceededTest" time="0.734">
<system-out><![CDATA[
unique-id: [engine:junit-jupiter]/[class:com.kotato.context.ecommerce.modules.order.acceptance.OrderSucceededTest]/[method:it should create an order()]
display-name: it should create an order()
]]></system-out>
</testcase>
<testcase name="it should create an order()" classname="com.kotato.context.ecommerce.modules.order.acceptance.CreateOrderTest" time="0.395">
<system-out><![CDATA[
unique-id: [engine:junit-jupiter]/[class:com.kotato.context.ecommerce.modules.order.acceptance.CreateOrderTest]/[method:it should create an order()]
display-name: it should create an order()
]]></system-out>
</testcase>
<testcase name="it should throw exception when trying to find order by payment id()" classname="com.kotato.context.ecommerce.modules.order.behaviour.OrderByPaymentIdFinderTest" time="0.023">
<system-out><![CDATA[
unique-id: [engine:junit-jupiter]/[class:com.kotato.context.ecommerce.modules.order.behaviour.OrderByPaymentIdFinderTest]/[method:it should throw exception when trying to find order by payment id()]
display-name: it should throw exception when trying to find order by payment id()
]]></system-out>
</testcase>
<testcase name="it should find order by payment id()" classname="com.kotato.context.ecommerce.modules.order.behaviour.OrderByPaymentIdFinderTest" time="0.108">
<system-out><![CDATA[
unique-id: [engine:junit-jupiter]/[class:com.kotato.context.ecommerce.modules.order.behaviour.OrderByPaymentIdFinderTest]/[method:it should find order by payment id()]
display-name: it should find order by payment id()
]]></system-out>
</testcase>
<testcase name="it should throw OrderViewByPaymentIdNotFoundException when trying to update order as succeeded()" classname="com.kotato.context.ecommerce.modules.order.behaviour.OrderStatusAsSucceededByPaymentIdUpdaterTest" time="0.31">
<system-out><![CDATA[
unique-id: [engine:junit-jupiter]/[class:com.kotato.context.ecommerce.modules.order.behaviour.OrderStatusAsSucceededByPaymentIdUpdaterTest]/[method:it should throw OrderViewByPaymentIdNotFoundException when trying to update order as succeeded()]
display-name: it should throw OrderViewByPaymentIdNotFoundException when trying to update order as succeeded()
]]></system-out>
</testcase>
<testcase name="it should throw OrderNotFoundException when trying to update order as succeeded()" classname="com.kotato.context.ecommerce.modules.order.behaviour.OrderStatusAsSucceededByPaymentIdUpdaterTest" time="0.148">
<system-out><![CDATA[
unique-id: [engine:junit-jupiter]/[class:com.kotato.context.ecommerce.modules.order.behaviour.OrderStatusAsSucceededByPaymentIdUpdaterTest]/[method:it should throw OrderNotFoundException when trying to update order as succeeded()]
display-name: it should throw OrderNotFoundException when trying to update order as succeeded()
]]></system-out>
</testcase>
<testcase name="it should update an order as succeeded()" classname="com.kotato.context.ecommerce.modules.order.behaviour.OrderStatusAsSucceededByPaymentIdUpdaterTest" time="0.215">
<system-out><![CDATA[
unique-id: [engine:junit-jupiter]/[class:com.kotato.context.ecommerce.modules.order.behaviour.OrderStatusAsSucceededByPaymentIdUpdaterTest]/[method:it should update an order as succeeded()]
display-name: it should update an order as succeeded()
]]></system-out>
</testcase>
<testcase name="it should throw exception when trying to update order view status to succeeded()" classname="com.kotato.context.ecommerce.modules.order.behaviour.OrderViewStatusAsSucceededUpdaterTest" time="0.003">
<system-out><![CDATA[
unique-id: [engine:junit-jupiter]/[class:com.kotato.context.ecommerce.modules.order.behaviour.OrderViewStatusAsSucceededUpdaterTest]/[method:it should throw exception when trying to update order view status to succeeded()]
display-name: it should throw exception when trying to update order view status to succeeded()
]]></system-out>
</testcase>
<testcase name="it should update order view status to succeeded()" classname="com.kotato.context.ecommerce.modules.order.behaviour.OrderViewStatusAsSucceededUpdaterTest" time="0.101">
<system-out><![CDATA[
unique-id: [engine:junit-jupiter]/[class:com.kotato.context.ecommerce.modules.order.behaviour.OrderViewStatusAsSucceededUpdaterTest]/[method:it should update order view status to succeeded()]
display-name: it should update order view status to succeeded()
]]></system-out>
</testcase>
<testcase name="it should create an order()" classname="com.kotato.context.ecommerce.modules.order.behaviour.OrderCreatorTest" time="0.127">
<system-out><![CDATA[
unique-id: [engine:junit-jupiter]/[class:com.kotato.context.ecommerce.modules.order.behaviour.OrderCreatorTest]/[method:it should create an order()]
display-name: it should create an order()
]]></system-out>
</testcase>
<testcase name="it should throw OrderNotFoundException when trying to update order as failed()" classname="com.kotato.context.ecommerce.modules.order.behaviour.OrderStatusAsFailedByPaymentIdUpdaterTest" time="0.21">
<system-out><![CDATA[
unique-id: [engine:junit-jupiter]/[class:com.kotato.context.ecommerce.modules.order.behaviour.OrderStatusAsFailedByPaymentIdUpdaterTest]/[method:it should throw OrderNotFoundException when trying to update order as failed()]
display-name: it should throw OrderNotFoundException when trying to update order as failed()
]]></system-out>
</testcase>
<testcase name="it should update an order as failed()" classname="com.kotato.context.ecommerce.modules.order.behaviour.OrderStatusAsFailedByPaymentIdUpdaterTest" time="0.268">
<system-out><![CDATA[
unique-id: [engine:junit-jupiter]/[class:com.kotato.context.ecommerce.modules.order.behaviour.OrderStatusAsFailedByPaymentIdUpdaterTest]/[method:it should update an order as failed()]
display-name: it should update an order as failed()
]]></system-out>
</testcase>
<testcase name="it should throw OrderViewByPaymentIdNotFoundException when trying to update order as failed()" classname="com.kotato.context.ecommerce.modules.order.behaviour.OrderStatusAsFailedByPaymentIdUpdaterTest" time="0.004">
<system-out><![CDATA[
unique-id: [engine:junit-jupiter]/[class:com.kotato.context.ecommerce.modules.order.behaviour.OrderStatusAsFailedByPaymentIdUpdaterTest]/[method:it should throw OrderViewByPaymentIdNotFoundException when trying to update order as failed()]
display-name: it should throw OrderViewByPaymentIdNotFoundException when trying to update order as failed()
]]></system-out>
</testcase>
<testcase name="it should find an order()" classname="com.kotato.context.ecommerce.modules.order.behaviour.OrderFinderTest" time="0.097">
<system-out><![CDATA[
unique-id: [engine:junit-jupiter]/[class:com.kotato.context.ecommerce.modules.order.behaviour.OrderFinderTest]/[method:it should find an order()]
display-name: it should find an order()
]]></system-out>
</testcase>
<testcase name="it should throw exception when finding an order()" classname="com.kotato.context.ecommerce.modules.order.behaviour.OrderFinderTest" time="0.001">
<system-out><![CDATA[
unique-id: [engine:junit-jupiter]/[class:com.kotato.context.ecommerce.modules.order.behaviour.OrderFinderTest]/[method:it should throw exception when finding an order()]
display-name: it should throw exception when finding an order()
]]></system-out>
</testcase>
<testcase name="it should update order view status to failed()" classname="com.kotato.context.ecommerce.modules.order.behaviour.OrderViewStatusAsFailedUpdaterTest" time="0.102">
<system-out><![CDATA[
unique-id: [engine:junit-jupiter]/[class:com.kotato.context.ecommerce.modules.order.behaviour.OrderViewStatusAsFailedUpdaterTest]/[method:it should update order view status to failed()]
display-name: it should update order view status to failed()
]]></system-out>
</testcase>
<testcase name="it should throw exception when trying to update order view status to failed()" classname="com.kotato.context.ecommerce.modules.order.behaviour.OrderViewStatusAsFailedUpdaterTest" time="0.001">
<system-out><![CDATA[
unique-id: [engine:junit-jupiter]/[class:com.kotato.context.ecommerce.modules.order.behaviour.OrderViewStatusAsFailedUpdaterTest]/[method:it should throw exception when trying to update order view status to failed()]
display-name: it should throw exception when trying to update order view status to failed()
]]></system-out>
</testcase>
<testcase name="it should save order view()" classname="com.kotato.context.ecommerce.modules.payment.integration.PaymentViewRepositoryTest" time="0.056">
<system-out><![CDATA[
unique-id: [engine:junit-jupiter]/[class:com.kotato.context.ecommerce.modules.payment.integration.PaymentViewRepositoryTest]/[method:it should save order view()]
display-name: it should save order view()
]]></system-out>
</testcase>
<testcase name="it should update payment as succeeded()" classname="com.kotato.context.ecommerce.modules.payment.acceptance.PaymentSucceedCallbackControllerTest" time="0.464">
<system-out><![CDATA[
unique-id: [engine:junit-jupiter]/[class:com.kotato.context.ecommerce.modules.payment.acceptance.PaymentSucceedCallbackControllerTest]/[method:it should update payment as succeeded()]
display-name: it should update payment as succeeded()
]]></system-out>
</testcase>
<testcase name="it should throw exception when trying to update payment status()" classname="com.kotato.context.ecommerce.modules.payment.acceptance.PaymentSucceedCallbackControllerTest" time="0.062">
<system-out><![CDATA[
unique-id: [engine:junit-jupiter]/[class:com.kotato.context.ecommerce.modules.payment.acceptance.PaymentSucceedCallbackControllerTest]/[method:it should throw exception when trying to update payment status()]
display-name: it should throw exception when trying to update payment status()
]]></system-out>
</testcase>
<testcase name="it should update payment as failed()" classname="com.kotato.context.ecommerce.modules.payment.acceptance.PaymentFailedCallbackControllerTest" time="0.447">
<system-out><![CDATA[
unique-id: [engine:junit-jupiter]/[class:com.kotato.context.ecommerce.modules.payment.acceptance.PaymentFailedCallbackControllerTest]/[method:it should update payment as failed()]
display-name: it should update payment as failed()
]]></system-out>
</testcase>
<testcase name="it should throw exception when trying to update payment status()" classname="com.kotato.context.ecommerce.modules.payment.acceptance.PaymentFailedCallbackControllerTest" time="0.032">
<system-out><![CDATA[
unique-id: [engine:junit-jupiter]/[class:com.kotato.context.ecommerce.modules.payment.acceptance.PaymentFailedCallbackControllerTest]/[method:it should throw exception when trying to update payment status()]
display-name: it should throw exception when trying to update payment status()
]]></system-out>
</testcase>
<testcase name="it should create an order()" classname="com.kotato.context.ecommerce.modules.payment.acceptance.CreatePaymentTest" time="0.37">
<system-out><![CDATA[
unique-id: [engine:junit-jupiter]/[class:com.kotato.context.ecommerce.modules.payment.acceptance.CreatePaymentTest]/[method:it should create an order()]
display-name: it should create an order()
]]></system-out>
</testcase>
<testcase name="it should update payment as succeeded()" classname="com.kotato.context.ecommerce.modules.payment.behaviour.PaymentViewAsSucceededUpdaterTest" time="0.052">
<system-out><![CDATA[
unique-id: [engine:junit-jupiter]/[class:com.kotato.context.ecommerce.modules.payment.behaviour.PaymentViewAsSucceededUpdaterTest]/[method:it should update payment as succeeded()]
display-name: it should update payment as succeeded()
]]></system-out>
</testcase>
<testcase name="it should throw exception when trying to update payment as succeeded()" classname="com.kotato.context.ecommerce.modules.payment.behaviour.PaymentViewAsSucceededUpdaterTest" time="0.003">
<system-out><![CDATA[
unique-id: [engine:junit-jupiter]/[class:com.kotato.context.ecommerce.modules.payment.behaviour.PaymentViewAsSucceededUpdaterTest]/[method:it should throw exception when trying to update payment as succeeded()]
display-name: it should throw exception when trying to update payment as succeeded()
]]></system-out>
</testcase>
<testcase name="it should update payment as succeeded()" classname="com.kotato.context.ecommerce.modules.payment.behaviour.PaymentAsSucceededUpdaterTest" time="0.047">
<system-out><![CDATA[
unique-id: [engine:junit-jupiter]/[class:com.kotato.context.ecommerce.modules.payment.behaviour.PaymentAsSucceededUpdaterTest]/[method:it should update payment as succeeded()]
display-name: it should update payment as succeeded()
]]></system-out>
</testcase>
<testcase name="it should throw exception when trying to update payment as succeeded()" classname="com.kotato.context.ecommerce.modules.payment.behaviour.PaymentAsSucceededUpdaterTest" time="0.004">
<system-out><![CDATA[
unique-id: [engine:junit-jupiter]/[class:com.kotato.context.ecommerce.modules.payment.behaviour.PaymentAsSucceededUpdaterTest]/[method:it should throw exception when trying to update payment as succeeded()]
display-name: it should throw exception when trying to update payment as succeeded()
]]></system-out>
</testcase>
<testcase name="it should update payment as failed()" classname="com.kotato.context.ecommerce.modules.payment.behaviour.PaymentAsFailedUpdaterTest" time="0.043">
<system-out><![CDATA[
unique-id: [engine:junit-jupiter]/[class:com.kotato.context.ecommerce.modules.payment.behaviour.PaymentAsFailedUpdaterTest]/[method:it should update payment as failed()]
display-name: it should update payment as failed()
]]></system-out>
</testcase>
<testcase name="it should throw exception when trying to update payment as failed()" classname="com.kotato.context.ecommerce.modules.payment.behaviour.PaymentAsFailedUpdaterTest" time="0.007">
<system-out><![CDATA[
unique-id: [engine:junit-jupiter]/[class:com.kotato.context.ecommerce.modules.payment.behaviour.PaymentAsFailedUpdaterTest]/[method:it should throw exception when trying to update payment as failed()]
display-name: it should throw exception when trying to update payment as failed()
]]></system-out>
</testcase>
<testcase name="it should create a payment()" classname="com.kotato.context.ecommerce.modules.payment.behaviour.PaymentCreatorTest" time="0.08">
<system-out><![CDATA[
unique-id: [engine:junit-jupiter]/[class:com.kotato.context.ecommerce.modules.payment.behaviour.PaymentCreatorTest]/[method:it should create a payment()]
display-name: it should create a payment()
]]></system-out>
</testcase>
<testcase name="it should update payment as failed()" classname="com.kotato.context.ecommerce.modules.payment.behaviour.PaymentViewAsFailedUpdaterTest" time="0.037">
<system-out><![CDATA[
unique-id: [engine:junit-jupiter]/[class:com.kotato.context.ecommerce.modules.payment.behaviour.PaymentViewAsFailedUpdaterTest]/[method:it should update payment as failed()]
display-name: it should update payment as failed()
]]></system-out>
</testcase>
<testcase name="it should throw exception when trying to update payment as failed()" classname="com.kotato.context.ecommerce.modules.payment.behaviour.PaymentViewAsFailedUpdaterTest" time="0.001">
<system-out><![CDATA[
unique-id: [engine:junit-jupiter]/[class:com.kotato.context.ecommerce.modules.payment.behaviour.PaymentViewAsFailedUpdaterTest]/[method:it should throw exception when trying to update payment as failed()]
display-name: it should throw exception when trying to update payment as failed()
]]></system-out>
</testcase>
<testcase name="it should save cart view()" classname="com.kotato.context.ecommerce.modules.cart.integration.CartViewRepositoryTest" time="0.076">
<system-out><![CDATA[
unique-id: [engine:junit-jupiter]/[class:com.kotato.context.ecommerce.modules.cart.integration.CartViewRepositoryTest]/[method:it should save cart view()]
display-name: it should save cart view()
]]></system-out>
</testcase>
<testcase name="it should try to checkout cart with no items()" classname="com.kotato.context.ecommerce.modules.cart.acceptance.CheckoutCartControllerTest" time="0.055">
<system-out><![CDATA[
unique-id: [engine:junit-jupiter]/[class:com.kotato.context.ecommerce.modules.cart.acceptance.CheckoutCartControllerTest]/[method:it should try to checkout cart with no items()]
display-name: it should try to checkout cart with no items()
]]></system-out>
</testcase>
<testcase name="it should try to checkout non existent cart()" classname="com.kotato.context.ecommerce.modules.cart.acceptance.CheckoutCartControllerTest" time="0.029">
<system-out><![CDATA[
unique-id: [engine:junit-jupiter]/[class:com.kotato.context.ecommerce.modules.cart.acceptance.CheckoutCartControllerTest]/[method:it should try to checkout non existent cart()]
display-name: it should try to checkout non existent cart()
]]></system-out>
</testcase>
<testcase name="it should checkout cart with items()" classname="com.kotato.context.ecommerce.modules.cart.acceptance.CheckoutCartControllerTest" time="0.158">
<system-out><![CDATA[
unique-id: [engine:junit-jupiter]/[class:com.kotato.context.ecommerce.modules.cart.acceptance.CheckoutCartControllerTest]/[method:it should checkout cart with items()]
display-name: it should checkout cart with items()
]]></system-out>
</testcase>
<testcase name="it should create cart()" classname="com.kotato.context.ecommerce.modules.cart.acceptance.CreateCartControllerTest" time="0.031">
<system-out><![CDATA[
unique-id: [engine:junit-jupiter]/[class:com.kotato.context.ecommerce.modules.cart.acceptance.CreateCartControllerTest]/[method:it should create cart()]
display-name: it should create cart()
]]></system-out>
</testcase>
<testcase name="it should throw exception when trying to subtract a cart item because no item in cart()" classname="com.kotato.context.ecommerce.modules.cart.acceptance.SubtractCartItemControllerTest" time="0.096">
<system-out><![CDATA[
unique-id: [engine:junit-jupiter]/[class:com.kotato.context.ecommerce.modules.cart.acceptance.SubtractCartItemControllerTest]/[method:it should throw exception when trying to subtract a cart item because no item in cart()]
display-name: it should throw exception when trying to subtract a cart item because no item in cart()
]]></system-out>
</testcase>
<testcase name="it should throw exception when trying to subtract a cart item because cart does not exists()" classname="com.kotato.context.ecommerce.modules.cart.acceptance.SubtractCartItemControllerTest" time="0.083">
<system-out><![CDATA[
unique-id: [engine:junit-jupiter]/[class:com.kotato.context.ecommerce.modules.cart.acceptance.SubtractCartItemControllerTest]/[method:it should throw exception when trying to subtract a cart item because cart does not exists()]
display-name: it should throw exception when trying to subtract a cart item because cart does not exists()
]]></system-out>
</testcase>
<testcase name="it should subtract item to cart()" classname="com.kotato.context.ecommerce.modules.cart.acceptance.SubtractCartItemControllerTest" time="0.181">
<system-out><![CDATA[
unique-id: [engine:junit-jupiter]/[class:com.kotato.context.ecommerce.modules.cart.acceptance.SubtractCartItemControllerTest]/[method:it should subtract item to cart()]
display-name: it should subtract item to cart()
]]></system-out>
</testcase>
<testcase name="it should subtract item to cart with same quantity as actual has()" classname="com.kotato.context.ecommerce.modules.cart.acceptance.SubtractCartItemControllerTest" time="0.162">
<system-out><![CDATA[
unique-id: [engine:junit-jupiter]/[class:com.kotato.context.ecommerce.modules.cart.acceptance.SubtractCartItemControllerTest]/[method:it should subtract item to cart with same quantity as actual has()]
display-name: it should subtract item to cart with same quantity as actual has()
]]></system-out>
</testcase>
<testcase name="it should subtract item to cart with more quantity than actual has()" classname="com.kotato.context.ecommerce.modules.cart.acceptance.SubtractCartItemControllerTest" time="0.238">
<system-out><![CDATA[
unique-id: [engine:junit-jupiter]/[class:com.kotato.context.ecommerce.modules.cart.acceptance.SubtractCartItemControllerTest]/[method:it should subtract item to cart with more quantity than actual has()]
display-name: it should subtract item to cart with more quantity than actual has()
]]></system-out>
</testcase>
<testcase name="it should find a cart()" classname="com.kotato.context.ecommerce.modules.cart.acceptance.FindCartTest" time="0.512">
<system-out><![CDATA[
unique-id: [engine:junit-jupiter]/[class:com.kotato.context.ecommerce.modules.cart.acceptance.FindCartTest]/[method:it should find a cart()]
display-name: it should find a cart()
]]></system-out>
</testcase>
<testcase name="it should add item to cart()" classname="com.kotato.context.ecommerce.modules.cart.acceptance.AddCartItemControllerTest" time="0.132">
<system-out><![CDATA[
unique-id: [engine:junit-jupiter]/[class:com.kotato.context.ecommerce.modules.cart.acceptance.AddCartItemControllerTest]/[method:it should add item to cart()]
display-name: it should add item to cart()
]]></system-out>
</testcase>
<testcase name="it should add a cart item on already existing item on cart()" classname="com.kotato.context.ecommerce.modules.cart.acceptance.AddCartItemControllerTest" time="0.145">
<system-out><![CDATA[
unique-id: [engine:junit-jupiter]/[class:com.kotato.context.ecommerce.modules.cart.acceptance.AddCartItemControllerTest]/[method:it should add a cart item on already existing item on cart()]
display-name: it should add a cart item on already existing item on cart()
]]></system-out>
</testcase>
<testcase name="it should throw exception when trying to add a cart item()" classname="com.kotato.context.ecommerce.modules.cart.acceptance.AddCartItemControllerTest" time="0.07">
<system-out><![CDATA[
unique-id: [engine:junit-jupiter]/[class:com.kotato.context.ecommerce.modules.cart.acceptance.AddCartItemControllerTest]/[method:it should throw exception when trying to add a cart item()]
display-name: it should throw exception when trying to add a cart item()
]]></system-out>
</testcase>
<testcase name="it should add a cart item on already existing item on cart with different price()" classname="com.kotato.context.ecommerce.modules.cart.acceptance.AddCartItemControllerTest" time="0.205">
<system-out><![CDATA[
unique-id: [engine:junit-jupiter]/[class:com.kotato.context.ecommerce.modules.cart.acceptance.AddCartItemControllerTest]/[method:it should add a cart item on already existing item on cart with different price()]
display-name: it should add a cart item on already existing item on cart with different price()
]]></system-out>
</testcase>
<testcase name="it should subtract a cart item with quantity greater than amount in cart()" classname="com.kotato.context.ecommerce.modules.cart.behaviour.CartItemSubtractorTest" time="0.027">
<system-out><![CDATA[
unique-id: [engine:junit-jupiter]/[class:com.kotato.context.ecommerce.modules.cart.behaviour.CartItemSubtractorTest]/[method:it should subtract a cart item with quantity greater than amount in cart()]
display-name: it should subtract a cart item with quantity greater than amount in cart()
]]></system-out>
</testcase>
<testcase name="it should subtract a cart item with quantity equal to amount in cart()" classname="com.kotato.context.ecommerce.modules.cart.behaviour.CartItemSubtractorTest" time="0.022">
<system-out><![CDATA[
unique-id: [engine:junit-jupiter]/[class:com.kotato.context.ecommerce.modules.cart.behaviour.CartItemSubtractorTest]/[method:it should subtract a cart item with quantity equal to amount in cart()]
display-name: it should subtract a cart item with quantity equal to amount in cart()
]]></system-out>
</testcase>
<testcase name="it should subtract a cart item()" classname="com.kotato.context.ecommerce.modules.cart.behaviour.CartItemSubtractorTest" time="0.026">
<system-out><![CDATA[
unique-id: [engine:junit-jupiter]/[class:com.kotato.context.ecommerce.modules.cart.behaviour.CartItemSubtractorTest]/[method:it should subtract a cart item()]
display-name: it should subtract a cart item()
]]></system-out>
</testcase>
<testcase name="it should throw exception when trying to subtract a cart item that is not in cart()" classname="com.kotato.context.ecommerce.modules.cart.behaviour.CartItemSubtractorTest" time="0.041">
<system-out><![CDATA[
unique-id: [engine:junit-jupiter]/[class:com.kotato.context.ecommerce.modules.cart.behaviour.CartItemSubtractorTest]/[method:it should throw exception when trying to subtract a cart item that is not in cart()]
display-name: it should throw exception when trying to subtract a cart item that is not in cart()
]]></system-out>
</testcase>
<testcase name="it should throw exception when trying to subtract a cart item()" classname="com.kotato.context.ecommerce.modules.cart.behaviour.CartItemSubtractorTest" time="0.049">
<system-out><![CDATA[
unique-id: [engine:junit-jupiter]/[class:com.kotato.context.ecommerce.modules.cart.behaviour.CartItemSubtractorTest]/[method:it should throw exception when trying to subtract a cart item()]
display-name: it should throw exception when trying to subtract a cart item()
]]></system-out>
</testcase>
<testcase name="it should find cart()" classname="com.kotato.context.ecommerce.modules.cart.behaviour.CartFinderTest" time="0.069">
<system-out><![CDATA[
unique-id: [engine:junit-jupiter]/[class:com.kotato.context.ecommerce.modules.cart.behaviour.CartFinderTest]/[method:it should find cart()]
display-name: it should find cart()
]]></system-out>
</testcase>
<testcase name="it should throw exception when trying to find cart()" classname="com.kotato.context.ecommerce.modules.cart.behaviour.CartFinderTest" time="0.004">
<system-out><![CDATA[
unique-id: [engine:junit-jupiter]/[class:com.kotato.context.ecommerce.modules.cart.behaviour.CartFinderTest]/[method:it should throw exception when trying to find cart()]
display-name: it should throw exception when trying to find cart()
]]></system-out>
</testcase>
<testcase name="it should create a cart()" classname="com.kotato.context.ecommerce.modules.cart.behaviour.CartCreatorTest" time="0.008">
<system-out><![CDATA[
unique-id: [engine:junit-jupiter]/[class:com.kotato.context.ecommerce.modules.cart.behaviour.CartCreatorTest]/[method:it should create a cart()]
display-name: it should create a cart()
]]></system-out>
</testcase>
<testcase name="it should checkout on cart view()" classname="com.kotato.context.ecommerce.modules.cart.behaviour.CartViewCartCheckoutTest" time="0.065">
<system-out><![CDATA[
unique-id: [engine:junit-jupiter]/[class:com.kotato.context.ecommerce.modules.cart.behaviour.CartViewCartCheckoutTest]/[method:it should checkout on cart view()]
display-name: it should checkout on cart view()
]]></system-out>
</testcase>
<testcase name="it should throw exception when adding item on cart view()" classname="com.kotato.context.ecommerce.modules.cart.behaviour.CartViewCartItemSubtractorTest" time="0.045">
<system-out><![CDATA[
unique-id: [engine:junit-jupiter]/[class:com.kotato.context.ecommerce.modules.cart.behaviour.CartViewCartItemSubtractorTest]/[method:it should throw exception when adding item on cart view()]
display-name: it should throw exception when adding item on cart view()
]]></system-out>
</testcase>
<testcase name="it should subtract item on cart view()" classname="com.kotato.context.ecommerce.modules.cart.behaviour.CartViewCartItemSubtractorTest" time="0.062">
<system-out><![CDATA[
unique-id: [engine:junit-jupiter]/[class:com.kotato.context.ecommerce.modules.cart.behaviour.CartViewCartItemSubtractorTest]/[method:it should subtract item on cart view()]
display-name: it should subtract item on cart view()
]]></system-out>
</testcase>
<testcase name="it should subtract item on cart view with same amount as actual has()" classname="com.kotato.context.ecommerce.modules.cart.behaviour.CartViewCartItemSubtractorTest" time="0.044">
<system-out><![CDATA[
unique-id: [engine:junit-jupiter]/[class:com.kotato.context.ecommerce.modules.cart.behaviour.CartViewCartItemSubtractorTest]/[method:it should subtract item on cart view with same amount as actual has()]
display-name: it should subtract item on cart view with same amount as actual has()
]]></system-out>
</testcase>
<testcase name="it should throw exception when try to checkout an empty cart()" classname="com.kotato.context.ecommerce.modules.cart.behaviour.CartCheckoutTest" time="0.005">
<system-out><![CDATA[
unique-id: [engine:junit-jupiter]/[class:com.kotato.context.ecommerce.modules.cart.behaviour.CartCheckoutTest]/[method:it should throw exception when try to checkout an empty cart()]
display-name: it should throw exception when try to checkout an empty cart()
]]></system-out>
</testcase>
<testcase name="it should throw exception when try to checkout a cart checked out()" classname="com.kotato.context.ecommerce.modules.cart.behaviour.CartCheckoutTest" time="0.06">
<system-out><![CDATA[
unique-id: [engine:junit-jupiter]/[class:com.kotato.context.ecommerce.modules.cart.behaviour.CartCheckoutTest]/[method:it should throw exception when try to checkout a cart checked out()]
display-name: it should throw exception when try to checkout a cart checked out()
]]></system-out>
</testcase>
<testcase name="it should throw exception when try to checkout a cart that doesn't exist()" classname="com.kotato.context.ecommerce.modules.cart.behaviour.CartCheckoutTest" time="0.005">
<system-out><![CDATA[
unique-id: [engine:junit-jupiter]/[class:com.kotato.context.ecommerce.modules.cart.behaviour.CartCheckoutTest]/[method:it should throw exception when try to checkout a cart that doesn't exist()]
display-name: it should throw exception when try to checkout a cart that doesn't exist()
]]></system-out>
</testcase>
<testcase name="it should checkout a cart with two items()" classname="com.kotato.context.ecommerce.modules.cart.behaviour.CartCheckoutTest" time="0.099">
<system-out><![CDATA[
unique-id: [engine:junit-jupiter]/[class:com.kotato.context.ecommerce.modules.cart.behaviour.CartCheckoutTest]/[method:it should checkout a cart with two items()]
display-name: it should checkout a cart with two items()
]]></system-out>
</testcase>
<testcase name="it should add item on cart view()" classname="com.kotato.context.ecommerce.modules.cart.behaviour.CartViewCartItemAdderTest" time="0.038">
<system-out><![CDATA[
unique-id: [engine:junit-jupiter]/[class:com.kotato.context.ecommerce.modules.cart.behaviour.CartViewCartItemAdderTest]/[method:it should add item on cart view()]
display-name: it should add item on cart view()
]]></system-out>
</testcase>
<testcase name="it should throw exception when adding item on cart view()" classname="com.kotato.context.ecommerce.modules.cart.behaviour.CartViewCartItemAdderTest" time="0.041">
<system-out><![CDATA[
unique-id: [engine:junit-jupiter]/[class:com.kotato.context.ecommerce.modules.cart.behaviour.CartViewCartItemAdderTest]/[method:it should throw exception when adding item on cart view()]
display-name: it should throw exception when adding item on cart view()
]]></system-out>
</testcase>
<testcase name="it should add item on cart view for existent item in view()" classname="com.kotato.context.ecommerce.modules.cart.behaviour.CartViewCartItemAdderTest" time="0.038">
<system-out><![CDATA[
unique-id: [engine:junit-jupiter]/[class:com.kotato.context.ecommerce.modules.cart.behaviour.CartViewCartItemAdderTest]/[method:it should add item on cart view for existent item in view()]
display-name: it should add item on cart view for existent item in view()
]]></system-out>
</testcase>
<testcase name="it should add a cart item()" classname="com.kotato.context.ecommerce.modules.cart.behaviour.CartItemAdderTest" time="0.043">
<system-out><![CDATA[
unique-id: [engine:junit-jupiter]/[class:com.kotato.context.ecommerce.modules.cart.behaviour.CartItemAdderTest]/[method:it should add a cart item()]
display-name: it should add a cart item()
]]></system-out>
</testcase>
<testcase name="it should add a cart item on already existing item on cart()" classname="com.kotato.context.ecommerce.modules.cart.behaviour.CartItemAdderTest" time="0.069">
<system-out><![CDATA[
unique-id: [engine:junit-jupiter]/[class:com.kotato.context.ecommerce.modules.cart.behaviour.CartItemAdderTest]/[method:it should add a cart item on already existing item on cart()]
display-name: it should add a cart item on already existing item on cart()
]]></system-out>
</testcase>
<testcase name="it should throw exception when trying to add a cart item()" classname="com.kotato.context.ecommerce.modules.cart.behaviour.CartItemAdderTest" time="0.051">
<system-out><![CDATA[
unique-id: [engine:junit-jupiter]/[class:com.kotato.context.ecommerce.modules.cart.behaviour.CartItemAdderTest]/[method:it should throw exception when trying to add a cart item()]
display-name: it should throw exception when trying to add a cart item()
]]></system-out>
</testcase>
<testcase name="it should add a cart item on already existing item on cart with different price()" classname="com.kotato.context.ecommerce.modules.cart.behaviour.CartItemAdderTest" time="0.085">
<system-out><![CDATA[
unique-id: [engine:junit-jupiter]/[class:com.kotato.context.ecommerce.modules.cart.behaviour.CartItemAdderTest]/[method:it should add a cart item on already existing item on cart with different price()]
display-name: it should add a cart item on already existing item on cart with different price()
]]></system-out>
</testcase>
<system-out><![CDATA[
unique-id: [engine:junit-jupiter]
display-name: JUnit Jupiter
]]></system-out>
</testsuite>
